{"C:\\Users\\KIIT\\OneDrive\\Desktop\\new\\index.js": {"path":"C:\\Users\\KIIT\\OneDrive\\Desktop\\new\\index.js","statementMap":{"0":{"start":{"line":1,"column":16},"end":{"line":1,"column":34}},"1":{"start":{"line":2,"column":17},"end":{"line":2,"column":36}},"2":{"start":{"line":3,"column":15},"end":{"line":3,"column":32}},"3":{"start":{"line":4,"column":19},"end":{"line":4,"column":49}},"4":{"start":{"line":6,"column":0},"end":{"line":6,"column":16}},"5":{"start":{"line":8,"column":12},"end":{"line":8,"column":21}},"6":{"start":{"line":9,"column":13},"end":{"line":9,"column":37}},"7":{"start":{"line":12,"column":0},"end":{"line":12,"column":24}},"8":{"start":{"line":13,"column":0},"end":{"line":13,"column":34}},"9":{"start":{"line":16,"column":0},"end":{"line":16,"column":34}},"10":{"start":{"line":19,"column":0},"end":{"line":31,"column":1}},"11":{"start":{"line":20,"column":2},"end":{"line":25,"column":64}},"12":{"start":{"line":24,"column":14},"end":{"line":24,"column":48}},"13":{"start":{"line":25,"column":18},"end":{"line":25,"column":62}},"14":{"start":{"line":28,"column":2},"end":{"line":30,"column":5}},"15":{"start":{"line":29,"column":4},"end":{"line":29,"column":56}},"16":{"start":{"line":33,"column":0},"end":{"line":33,"column":21}}},"fnMap":{"0":{"name":"(anonymous_0)","decl":{"start":{"line":24,"column":8},"end":{"line":24,"column":9}},"loc":{"start":{"line":24,"column":14},"end":{"line":24,"column":48}},"line":24},"1":{"name":"(anonymous_1)","decl":{"start":{"line":25,"column":9},"end":{"line":25,"column":10}},"loc":{"start":{"line":25,"column":18},"end":{"line":25,"column":62}},"line":25},"2":{"name":"(anonymous_2)","decl":{"start":{"line":28,"column":19},"end":{"line":28,"column":20}},"loc":{"start":{"line":28,"column":25},"end":{"line":30,"column":3}},"line":28}},"branchMap":{"0":{"loc":{"start":{"line":9,"column":13},"end":{"line":9,"column":37}},"type":"binary-expr","locations":[{"start":{"line":9,"column":13},"end":{"line":9,"column":29}},{"start":{"line":9,"column":33},"end":{"line":9,"column":37}}],"line":9},"1":{"loc":{"start":{"line":19,"column":0},"end":{"line":31,"column":1}},"type":"if","locations":[{"start":{"line":19,"column":0},"end":{"line":31,"column":1}},{"start":{},"end":{}}],"line":19}},"s":{"0":1,"1":1,"2":1,"3":1,"4":1,"5":1,"6":1,"7":1,"8":1,"9":1,"10":1,"11":0,"12":0,"13":0,"14":0,"15":0,"16":1},"f":{"0":0,"1":0,"2":0},"b":{"0":[1,1],"1":[0,1]},"_coverageSchema":"1a1c01bbd47fc00a2c39e90264f33305004495a9","hash":"675b82ec7a23eac094b55638e4da552a5a799757"}
,"C:\\Users\\KIIT\\OneDrive\\Desktop\\new\\models\\Task.js": {"path":"C:\\Users\\KIIT\\OneDrive\\Desktop\\new\\models\\Task.js","statementMap":{"0":{"start":{"line":1,"column":17},"end":{"line":1,"column":36}},"1":{"start":{"line":3,"column":19},"end":{"line":18,"column":2}},"2":{"start":{"line":20,"column":0},"end":{"line":20,"column":52}}},"fnMap":{},"branchMap":{},"s":{"0":1,"1":1,"2":1},"f":{},"b":{},"_coverageSchema":"1a1c01bbd47fc00a2c39e90264f33305004495a9","hash":"783b33c1b8bc5de1628284d74d385dc2ed77a0de"}
,"C:\\Users\\KIIT\\OneDrive\\Desktop\\new\\routes\\Taskroutes.js": {"path":"C:\\Users\\KIIT\\OneDrive\\Desktop\\new\\routes\\Taskroutes.js","statementMap":{"0":{"start":{"line":1,"column":16},"end":{"line":1,"column":34}},"1":{"start":{"line":2,"column":15},"end":{"line":2,"column":31}},"2":{"start":{"line":3,"column":13},"end":{"line":3,"column":38}},"3":{"start":{"line":6,"column":0},"end":{"line":14,"column":3}},"4":{"start":{"line":7,"column":2},"end":{"line":13,"column":3}},"5":{"start":{"line":8,"column":17},"end":{"line":8,"column":35}},"6":{"start":{"line":9,"column":4},"end":{"line":9,"column":22}},"7":{"start":{"line":10,"column":4},"end":{"line":10,"column":31}},"8":{"start":{"line":12,"column":4},"end":{"line":12,"column":49}},"9":{"start":{"line":17,"column":0},"end":{"line":24,"column":3}},"10":{"start":{"line":18,"column":2},"end":{"line":23,"column":3}},"11":{"start":{"line":19,"column":18},"end":{"line":19,"column":35}},"12":{"start":{"line":20,"column":4},"end":{"line":20,"column":20}},"13":{"start":{"line":22,"column":4},"end":{"line":22,"column":49}},"14":{"start":{"line":27,"column":0},"end":{"line":35,"column":3}},"15":{"start":{"line":28,"column":2},"end":{"line":34,"column":3}},"16":{"start":{"line":29,"column":17},"end":{"line":29,"column":85}},"17":{"start":{"line":30,"column":4},"end":{"line":30,"column":72}},"18":{"start":{"line":30,"column":15},"end":{"line":30,"column":72}},"19":{"start":{"line":31,"column":4},"end":{"line":31,"column":19}},"20":{"start":{"line":33,"column":4},"end":{"line":33,"column":49}},"21":{"start":{"line":38,"column":0},"end":{"line":46,"column":3}},"22":{"start":{"line":39,"column":2},"end":{"line":45,"column":3}},"23":{"start":{"line":40,"column":17},"end":{"line":40,"column":60}},"24":{"start":{"line":41,"column":4},"end":{"line":41,"column":72}},"25":{"start":{"line":41,"column":15},"end":{"line":41,"column":72}},"26":{"start":{"line":42,"column":4},"end":{"line":42,"column":55}},"27":{"start":{"line":44,"column":4},"end":{"line":44,"column":49}},"28":{"start":{"line":48,"column":0},"end":{"line":48,"column":24}}},"fnMap":{"0":{"name":"(anonymous_0)","decl":{"start":{"line":6,"column":17},"end":{"line":6,"column":18}},"loc":{"start":{"line":6,"column":37},"end":{"line":14,"column":1}},"line":6},"1":{"name":"(anonymous_1)","decl":{"start":{"line":17,"column":16},"end":{"line":17,"column":17}},"loc":{"start":{"line":17,"column":36},"end":{"line":24,"column":1}},"line":17},"2":{"name":"(anonymous_2)","decl":{"start":{"line":27,"column":19},"end":{"line":27,"column":20}},"loc":{"start":{"line":27,"column":39},"end":{"line":35,"column":1}},"line":27},"3":{"name":"(anonymous_3)","decl":{"start":{"line":38,"column":22},"end":{"line":38,"column":23}},"loc":{"start":{"line":38,"column":42},"end":{"line":46,"column":1}},"line":38}},"branchMap":{"0":{"loc":{"start":{"line":30,"column":4},"end":{"line":30,"column":72}},"type":"if","locations":[{"start":{"line":30,"column":4},"end":{"line":30,"column":72}},{"start":{},"end":{}}],"line":30},"1":{"loc":{"start":{"line":41,"column":4},"end":{"line":41,"column":72}},"type":"if","locations":[{"start":{"line":41,"column":4},"end":{"line":41,"column":72}},{"start":{},"end":{}}],"line":41}},"s":{"0":1,"1":1,"2":1,"3":1,"4":5,"5":5,"6":5,"7":5,"8":0,"9":1,"10":1,"11":1,"12":1,"13":0,"14":1,"15":1,"16":1,"17":1,"18":0,"19":1,"20":0,"21":1,"22":1,"23":1,"24":1,"25":0,"26":1,"27":0,"28":1},"f":{"0":5,"1":1,"2":1,"3":1},"b":{"0":[0,1],"1":[0,1]},"_coverageSchema":"1a1c01bbd47fc00a2c39e90264f33305004495a9","hash":"48f1ac8124a245a0b4118b6bc02a33030b507a94"}
}
